- Generating browser application bundles (phase: setup)...
    TypeScript compiler options "target" and "useDefineForClassFields" are set to "ES2022" and "false" respectively by the Angular CLI. To control ECMA version and features use the Browserslist configuration. For more information, see https://angular.dev/tools/cli/build#configuring-browser-compatibility
    NOTE: You can set the "target" to "ES2022" in the project's tsconfig to remove this warning.
✔ Browser application bundle generation complete.
✔ Browser application bundle generation complete.
- Copying assets...
✔ Copying assets complete.
- Generating index html...
✔ Index html generation complete.

Initial chunk files           | Names         |  Raw size | Estimated transfer size
main.0daee5b16408e3ef.js      | main          | 338.71 kB |                85.79 kB
styles.08c8419befb2f398.css   | styles        | 123.59 kB |                12.02 kB
polyfills.6fb78674fc4204a4.js | polyfills     |  34.86 kB |                11.32 kB
runtime.f3992d8d567e72eb.js   | runtime       |   1.06 kB |               593 bytes

                              | Initial total | 498.22 kB |               109.72 kB

Build at: 2025-09-05T16:05:35.754Z - Hash: 687a9b82c56a593d - Time: 6426ms

./src/styles/styles.scss - Warning: Module Warning (from ./node_modules/sass-loader/dist/cjs.js):
Deprecation Warning on line 0, column 8 of file:///Users/gautier/dev_learning/Developpez-une-application-full-stack-complete/front/src/styles/styles.scss:0:8:
Sass @import rules are deprecated and will be removed in Dart Sass 3.0.0.

More info and automated migrator: https://sass-lang.com/d/import

0 | @import "tailwindcss";


src/styles/styles.scss 1:9  root stylesheet



